        Time             u_ref                 u                r
 1000.000000    9.97470009e-03    9.92701588e-03    4.00505813e-01
 2000.000000    9.97470009e-03    9.95833482e-03    1.54089437e-01
 3000.000000    9.97470009e-03    9.96945627e-03    5.85131829e-02
 4000.000000    9.97470009e-03    9.97365892e-03    2.22195660e-02
 5000.000000    9.97470009e-03    9.97525256e-03    8.45563356e-03
 6000.000000    9.97470009e-03    9.97585698e-03    3.23690440e-03
 7000.000000    9.97470009e-03    9.97608622e-03    1.26158687e-03
 8000.000000    9.97470009e-03    9.97617316e-03    5.21912426e-04
 9000.000000    9.97470009e-03    9.97620614e-03    2.60802236e-04
 10000.000000    9.97470009e-03    9.97621864e-03    1.90605660e-04
 11000.000000    9.97470009e-03    9.97622339e-03    1.84033973e-04
 12000.000000    9.97470009e-03    9.97622519e-03    1.85935426e-04
 13000.000000    9.97470009e-03    9.97622587e-03    1.87160240e-04
 14000.000000    9.97470009e-03    9.97622613e-03    1.87743951e-04
 15000.000000    9.97470009e-03    9.97622623e-03    1.87965339e-04
 16000.000000    9.97470009e-03    9.97622626e-03    1.88049306e-04
 17000.000000    9.97470009e-03    9.97622628e-03    1.88081153e-04
 18000.000000    9.97470009e-03    9.97622628e-03    1.88093232e-04
 19000.000000    9.97470009e-03    9.97622629e-03    1.88097813e-04
 20000.000000    9.97470009e-03    9.97622629e-03    1.88099550e-04
 21000.000000    9.97470009e-03    9.97622629e-03    1.88100209e-04
 22000.000000    9.97470009e-03    9.97622629e-03    1.88100459e-04
 23000.000000    9.97470009e-03    9.97622629e-03    1.88100554e-04
 24000.000000    9.97470009e-03    9.97622629e-03    1.88100590e-04
 25000.000000    9.97470009e-03    9.97622629e-03    1.88100604e-04
 26000.000000    9.97470009e-03    9.97622629e-03    1.88100609e-04
 27000.000000    9.97470009e-03    9.97622629e-03    1.88100611e-04
 28000.000000    9.97470009e-03    9.97622629e-03    1.88100611e-04
 29000.000000    9.97470009e-03    9.97622629e-03    1.88100612e-04
 30000.000000    9.97470009e-03    9.97622629e-03    1.88100612e-04
 31000.000000    9.97470009e-03    9.97622629e-03    1.88100612e-04
 32000.000000    9.97470009e-03    9.97622629e-03    1.88100612e-04
 33000.000000    9.97470009e-03    9.97622629e-03    1.88100612e-04
 34000.000000    9.97470009e-03    9.97622629e-03    1.88100612e-04
 35000.000000    9.97470009e-03    9.97622629e-03    1.88100612e-04
 36000.000000    9.97470009e-03    9.97622629e-03    1.88100612e-04
 37000.000000    9.97470009e-03    9.97622629e-03    1.88100612e-04
 38000.000000    9.97470009e-03    9.97622629e-03    1.88100612e-04
 39000.000000    9.97470009e-03    9.97622629e-03    1.88100612e-04
 40000.000000    9.97470009e-03    9.97622629e-03    1.88100612e-04
 41000.000000    9.97470009e-03    9.97622629e-03    1.88100612e-04
 42000.000000    9.97470009e-03    9.97622629e-03    1.88100612e-04
 43000.000000    9.97470009e-03    9.97622629e-03    1.88100612e-04
 44000.000000    9.97470009e-03    9.97622629e-03    1.88100612e-04
 45000.000000    9.97470009e-03    9.97622629e-03    1.88100612e-04
 46000.000000    9.97470009e-03    9.97622629e-03    1.88100612e-04
 47000.000000    9.97470009e-03    9.97622629e-03    1.88100612e-04
 48000.000000    9.97470009e-03    9.97622629e-03    1.88100612e-04
 49000.000000    9.97470009e-03    9.97622629e-03    1.88100612e-04
 50000.000000    9.97470009e-03    9.97622629e-03    1.88100612e-04
 51000.000000    9.97470009e-03    9.97622629e-03    1.88100612e-04
 52000.000000    9.97470009e-03    9.97622629e-03    1.88100612e-04
 53000.000000    9.97470009e-03    9.97622629e-03    1.88100612e-04
 54000.000000    9.97470009e-03    9.97622629e-03    1.88100612e-04
 55000.000000    9.97470009e-03    9.97622629e-03    1.88100612e-04
 56000.000000    9.97470009e-03    9.97622629e-03    1.88100612e-04
 57000.000000    9.97470009e-03    9.97622629e-03    1.88100612e-04
 58000.000000    9.97470009e-03    9.97622629e-03    1.88100612e-04
 59000.000000    9.97470009e-03    9.97622629e-03    1.88100612e-04
 60000.000000    9.97470009e-03    9.97622629e-03    1.88100612e-04
 61000.000000    9.97470009e-03    9.97622629e-03    1.88100612e-04
 62000.000000    9.97470009e-03    9.97622629e-03    1.88100612e-04
 63000.000000    9.97470009e-03    9.97622629e-03    1.88100612e-04
 64000.000000    9.97470009e-03    9.97622629e-03    1.88100612e-04
 65000.000000    9.97470009e-03    9.97622629e-03    1.88100612e-04
 66000.000000    9.97470009e-03    9.97622629e-03    1.88100612e-04
 67000.000000    9.97470009e-03    9.97622629e-03    1.88100612e-04
 68000.000000    9.97470009e-03    9.97622629e-03    1.88100612e-04
 69000.000000    9.97470009e-03    9.97622629e-03    1.88100612e-04
 70000.000000    9.97470009e-03    9.97622629e-03    1.88100612e-04
 71000.000000    9.97470009e-03    9.97622629e-03    1.88100612e-04
 72000.000000    9.97470009e-03    9.97622629e-03    1.88100612e-04
 73000.000000    9.97470009e-03    9.97622629e-03    1.88100612e-04
 74000.000000    9.97470009e-03    9.97622629e-03    1.88100612e-04
 75000.000000    9.97470009e-03    9.97622629e-03    1.88100612e-04
 76000.000000    9.97470009e-03    9.97622629e-03    1.88100612e-04
 77000.000000    9.97470009e-03    9.97622629e-03    1.88100612e-04
 78000.000000    9.97470009e-03    9.97622629e-03    1.88100612e-04
 79000.000000    9.97470009e-03    9.97622629e-03    1.88100612e-04
 80000.000000    9.97470009e-03    9.97622629e-03    1.88100612e-04
 81000.000000    9.97470009e-03    9.97622629e-03    1.88100612e-04
 82000.000000    9.97470009e-03    9.97622629e-03    1.88100612e-04
 83000.000000    9.97470009e-03    9.97622629e-03    1.88100612e-04
 84000.000000    9.97470009e-03    9.97622629e-03    1.88100612e-04
 85000.000000    9.97470009e-03    9.97622629e-03    1.88100612e-04
 86000.000000    9.97470009e-03    9.97622629e-03    1.88100612e-04
 87000.000000    9.97470009e-03    9.97622629e-03    1.88100612e-04
 88000.000000    9.97470009e-03    9.97622629e-03    1.88100612e-04
 89000.000000    9.97470009e-03    9.97622629e-03    1.88100612e-04
 90000.000000    9.97470009e-03    9.97622629e-03    1.88100612e-04
 91000.000000    9.97470009e-03    9.97622629e-03    1.88100612e-04
 92000.000000    9.97470009e-03    9.97622629e-03    1.88100612e-04
 93000.000000    9.97470009e-03    9.97622629e-03    1.88100612e-04
 94000.000000    9.97470009e-03    9.97622629e-03    1.88100612e-04
 95000.000000    9.97470009e-03    9.97622629e-03    1.88100612e-04
 96000.000000    9.97470009e-03    9.97622629e-03    1.88100612e-04
 97000.000000    9.97470009e-03    9.97622629e-03    1.88100612e-04
 98000.000000    9.97470009e-03    9.97622629e-03    1.88100612e-04
 99000.000000    9.97470009e-03    9.97622629e-03    1.88100612e-04
