        Time             u_ref                 u                r
 1000.000000    9.97470009e-03    9.92563957e-03    4.00121730e-01
 2000.000000    9.97470009e-03    9.95692265e-03    1.54004017e-01
 3000.000000    9.97470009e-03    9.96804013e-03    5.85524514e-02
 4000.000000    9.97470009e-03    9.97224614e-03    2.23056789e-02
 5000.000000    9.97470009e-03    9.97384563e-03    8.55671277e-03
 6000.000000    9.97470009e-03    9.97445677e-03    3.34155998e-03
 7000.000000    9.97470009e-03    9.97469304e-03    1.36311676e-03
 8000.000000    9.97470009e-03    9.97478712e-03    6.12643808e-04
 9000.000000    9.97470009e-03    9.97482727e-03    3.27721596e-04
 10000.000000    9.97470009e-03    9.97484698e-03    2.19775864e-04
 11000.000000    9.97470009e-03    9.97485893e-03    1.79252935e-04
 12000.000000    9.97470009e-03    9.97486794e-03    1.64267659e-04
 13000.000000    9.97470009e-03    9.97487584e-03    1.58670373e-04
 14000.000000    9.97470009e-03    9.97488332e-03    1.56436979e-04
 15000.000000    9.97470009e-03    9.97489063e-03    1.55433682e-04
 16000.000000    9.97470009e-03    9.97489789e-03    1.54878579e-04
 17000.000000    9.97470009e-03    9.97490512e-03    1.54502819e-04
 18000.000000    9.97470009e-03    9.97491234e-03    1.54194431e-04
 19000.000000    9.97470009e-03    9.97491956e-03    1.53930397e-04
 20000.000000    9.97470009e-03    9.97492677e-03    1.53674547e-04
 21000.000000    9.97470009e-03    9.97493399e-03    1.53445014e-04
 22000.000000    9.97470009e-03    9.97494121e-03    1.53223003e-04
 23000.000000    9.97470009e-03    9.97494842e-03    1.53005843e-04
 24000.000000    9.97470009e-03    9.97495564e-03    1.52813953e-04
 25000.000000    9.97470009e-03    9.97496286e-03    1.52622121e-04
 26000.000000    9.97470009e-03    9.97497007e-03    1.52441497e-04
 27000.000000    9.97470009e-03    9.97497729e-03    1.52279223e-04
 28000.000000    9.97470009e-03    9.97498451e-03    1.52116952e-04
 29000.000000    9.97470009e-03    9.97499172e-03    1.51968264e-04
 30000.000000    9.97470009e-03    9.97499894e-03    1.51835522e-04
 31000.000000    9.97470009e-03    9.97500615e-03    1.51702779e-04
 32000.000000    9.97470009e-03    9.97501337e-03    1.51581144e-04
 33000.000000    9.97470009e-03    9.97502059e-03    1.51477929e-04
 34000.000000    9.97470009e-03    9.97502780e-03    1.51374714e-04
 35000.000000    9.97470009e-03    9.97503502e-03    1.51274711e-04
 36000.000000    9.97470009e-03    9.97504224e-03    1.51201023e-04
 37000.000000    9.97470009e-03    9.97504945e-03    1.51127334e-04
 38000.000000    9.97470009e-03    9.97505667e-03    1.51053646e-04
 39000.000000    9.97470009e-03    9.97506389e-03    1.50998713e-04
 40000.000000    9.97470009e-03    9.97507110e-03    1.50954552e-04
 41000.000000    9.97470009e-03    9.97507832e-03    1.50910391e-04
 42000.000000    9.97470009e-03    9.97508554e-03    1.50866230e-04
 43000.000000    9.97470009e-03    9.97509275e-03    1.50849546e-04
 44000.000000    9.97470009e-03    9.97509997e-03    1.50834912e-04
 45000.000000    9.97470009e-03    9.97510719e-03    1.50820278e-04
 46000.000000    9.97470009e-03    9.97511440e-03    1.50805644e-04
 47000.000000    9.97470009e-03    9.97512162e-03    1.50819492e-04
 48000.000000    9.97470009e-03    9.97512884e-03    1.50834386e-04
 49000.000000    9.97470009e-03    9.97513605e-03    1.50849279e-04
 50000.000000    9.97470009e-03    9.97514327e-03    1.50864173e-04
 51000.000000    9.97470009e-03    9.97515049e-03    1.50899837e-04
 52000.000000    9.97470009e-03    9.97515770e-03    1.50944258e-04
 53000.000000    9.97470009e-03    9.97516492e-03    1.50988680e-04
 54000.000000    9.97470009e-03    9.97517214e-03    1.51033101e-04
 55000.000000    9.97470009e-03    9.97517935e-03    1.51080640e-04
 56000.000000    9.97470009e-03    9.97518657e-03    1.51154589e-04
 57000.000000    9.97470009e-03    9.97519379e-03    1.51228538e-04
 58000.000000    9.97470009e-03    9.97520100e-03    1.51302487e-04
 59000.000000    9.97470009e-03    9.97520822e-03    1.51376436e-04
 60000.000000    9.97470009e-03    9.97521544e-03    1.51454037e-04
 61000.000000    9.97470009e-03    9.97522265e-03    1.51557513e-04
 62000.000000    9.97470009e-03    9.97522987e-03    1.51660990e-04
 63000.000000    9.97470009e-03    9.97523709e-03    1.51764467e-04
 64000.000000    9.97470009e-03    9.97524430e-03    1.51867945e-04
 65000.000000    9.97470009e-03    9.97525152e-03    1.51971422e-04
 66000.000000    9.97470009e-03    9.97525874e-03    1.52095542e-04
 67000.000000    9.97470009e-03    9.97526596e-03    1.52228547e-04
 68000.000000    9.97470009e-03    9.97527317e-03    1.52361553e-04
 69000.000000    9.97470009e-03    9.97528039e-03    1.52494558e-04
 70000.000000    9.97470009e-03    9.97528761e-03    1.52627564e-04
 71000.000000    9.97470009e-03    9.97529482e-03    1.52760569e-04
 72000.000000    9.97470009e-03    9.97530204e-03    1.52916119e-04
 73000.000000    9.97470009e-03    9.97530926e-03    1.53078653e-04
 74000.000000    9.97470009e-03    9.97531647e-03    1.53241187e-04
 75000.000000    9.97470009e-03    9.97532369e-03    1.53403721e-04
 76000.000000    9.97470009e-03    9.97533091e-03    1.53566255e-04
 77000.000000    9.97470009e-03    9.97533812e-03    1.53728790e-04
 78000.000000    9.97470009e-03    9.97534534e-03    1.53898156e-04
 79000.000000    9.97470009e-03    9.97535256e-03    1.54090218e-04
 80000.000000    9.97470009e-03    9.97535978e-03    1.54282281e-04
 81000.000000    9.97470009e-03    9.97536699e-03    1.54474344e-04
 82000.000000    9.97470009e-03    9.97537421e-03    1.54666407e-04
 83000.000000    9.97470009e-03    9.97538143e-03    1.54858471e-04
 84000.000000    9.97470009e-03    9.97538864e-03    1.55050535e-04
 85000.000000    9.97470009e-03    9.97539586e-03    1.55242604e-04
 86000.000000    9.97470009e-03    9.97540308e-03    1.55464196e-04
 87000.000000    9.97470009e-03    9.97541029e-03    1.55685788e-04
 88000.000000    9.97470009e-03    9.97541751e-03    1.55907380e-04
 89000.000000    9.97470009e-03    9.97542473e-03    1.56128973e-04
 90000.000000    9.97470009e-03    9.97543195e-03    1.56350566e-04
 91000.000000    9.97470009e-03    9.97543916e-03    1.56572160e-04
 92000.000000    9.97470009e-03    9.97544638e-03    1.56793753e-04
 93000.000000    9.97470009e-03    9.97545360e-03    1.57015347e-04
 94000.000000    9.97470009e-03    9.97546081e-03    1.57264699e-04
 95000.000000    9.97470009e-03    9.97546803e-03    1.57515821e-04
 96000.000000    9.97470009e-03    9.97547525e-03    1.57766944e-04
 97000.000000    9.97470009e-03    9.97548247e-03    1.58018067e-04
 98000.000000    9.97470009e-03    9.97548968e-03    1.58269190e-04
 99000.000000    9.97470009e-03    9.97549690e-03    1.58520314e-04
