Determining if the pthread_create exist failed with the following output:
Change Dir: /home/pzhang/chen/permeable_bed/CMakeFiles/CMakeTmp

Run Build Command:"/usr/bin/make" "cmTC_6cec7/fast"
/usr/bin/make -f CMakeFiles/cmTC_6cec7.dir/build.make CMakeFiles/cmTC_6cec7.dir/build
make[1]: Entering directory '/home/pzhang/chen/permeable_bed/CMakeFiles/CMakeTmp'
Building C object CMakeFiles/cmTC_6cec7.dir/CheckSymbolExists.c.o
/usr/bin/cc     -o CMakeFiles/cmTC_6cec7.dir/CheckSymbolExists.c.o   -c /home/pzhang/chen/permeable_bed/CMakeFiles/CMakeTmp/CheckSymbolExists.c
Linking C executable cmTC_6cec7
/usr/bin/cmake -E cmake_link_script CMakeFiles/cmTC_6cec7.dir/link.txt --verbose=1
/usr/bin/cc       CMakeFiles/cmTC_6cec7.dir/CheckSymbolExists.c.o  -o cmTC_6cec7 -rdynamic 
CMakeFiles/cmTC_6cec7.dir/CheckSymbolExists.c.o: In function `main':
CheckSymbolExists.c:(.text+0x16): undefined reference to `pthread_create'
collect2: error: ld returned 1 exit status
CMakeFiles/cmTC_6cec7.dir/build.make:97: recipe for target 'cmTC_6cec7' failed
make[1]: *** [cmTC_6cec7] Error 1
make[1]: Leaving directory '/home/pzhang/chen/permeable_bed/CMakeFiles/CMakeTmp'
Makefile:126: recipe for target 'cmTC_6cec7/fast' failed
make: *** [cmTC_6cec7/fast] Error 2

File /home/pzhang/chen/permeable_bed/CMakeFiles/CMakeTmp/CheckSymbolExists.c:
/* */
#include <pthread.h>

int main(int argc, char** argv)
{
  (void)argv;
#ifndef pthread_create
  return ((int*)(&pthread_create))[argc];
#else
  (void)argc;
  return 0;
#endif
}

Determining if the function pthread_create exists in the pthreads failed with the following output:
Change Dir: /home/pzhang/chen/permeable_bed/CMakeFiles/CMakeTmp

Run Build Command:"/usr/bin/make" "cmTC_82fdd/fast"
/usr/bin/make -f CMakeFiles/cmTC_82fdd.dir/build.make CMakeFiles/cmTC_82fdd.dir/build
make[1]: Entering directory '/home/pzhang/chen/permeable_bed/CMakeFiles/CMakeTmp'
Building C object CMakeFiles/cmTC_82fdd.dir/CheckFunctionExists.c.o
/usr/bin/cc    -DCHECK_FUNCTION_EXISTS=pthread_create   -o CMakeFiles/cmTC_82fdd.dir/CheckFunctionExists.c.o   -c /usr/share/cmake-3.5/Modules/CheckFunctionExists.c
Linking C executable cmTC_82fdd
/usr/bin/cmake -E cmake_link_script CMakeFiles/cmTC_82fdd.dir/link.txt --verbose=1
/usr/bin/cc   -DCHECK_FUNCTION_EXISTS=pthread_create    CMakeFiles/cmTC_82fdd.dir/CheckFunctionExists.c.o  -o cmTC_82fdd -rdynamic -lpthreads 
/usr/bin/ld: cannot find -lpthreads
collect2: error: ld returned 1 exit status
CMakeFiles/cmTC_82fdd.dir/build.make:97: recipe for target 'cmTC_82fdd' failed
make[1]: *** [cmTC_82fdd] Error 1
make[1]: Leaving directory '/home/pzhang/chen/permeable_bed/CMakeFiles/CMakeTmp'
Makefile:126: recipe for target 'cmTC_82fdd/fast' failed
make: *** [cmTC_82fdd/fast] Error 2


